\BOOKMARK [1][-]{section.1}{Introduction}{}% 1
\BOOKMARK [2][-]{subsection.1.1}{Motivation}{section.1}% 2
\BOOKMARK [1][-]{section.2}{Data}{}% 3
\BOOKMARK [2][-]{subsection.2.1}{Structure}{section.2}% 4
\BOOKMARK [2][-]{subsection.2.2}{Additional datasets}{section.2}% 5
\BOOKMARK [3][-]{subsubsection.2.2.1}{The musiXmatch lyrics dataset}{subsection.2.2}% 6
\BOOKMARK [3][-]{subsubsection.2.2.2}{The tagtraum genre annotations dataset}{subsection.2.2}% 7
\BOOKMARK [1][-]{section.3}{Technical implementation}{}% 8
\BOOKMARK [2][-]{subsection.3.1}{HDF5 song file input format}{section.3}% 9
\BOOKMARK [2][-]{subsection.3.2}{Heatmap generation}{section.3}% 10
\BOOKMARK [2][-]{subsection.3.3}{Challenges}{section.3}% 11
\BOOKMARK [3][-]{subsubsection.3.3.1}{HDF5 native library}{subsection.3.3}% 12
\BOOKMARK [3][-]{subsubsection.3.3.2}{Single-node cluster}{subsection.3.3}% 13
\BOOKMARK [1][-]{section.4}{Studies}{}% 14
\BOOKMARK [2][-]{subsection.4.1}{What are the main topics of different genres?}{section.4}% 15
\BOOKMARK [3][-]{subsubsection.4.1.1}{Most common nouns}{subsection.4.1}% 16
\BOOKMARK [3][-]{subsubsection.4.1.2}{Word count normalization}{subsection.4.1}% 17
\BOOKMARK [3][-]{subsubsection.4.1.3}{Most common words}{subsection.4.1}% 18
\BOOKMARK [2][-]{subsection.4.2}{Where do the most familiar artists live?}{section.4}% 19
\BOOKMARK [2][-]{subsection.4.3}{Where do the artists with the hotttessst songs live?}{section.4}% 20
\BOOKMARK [1][-]{section.5}{Conclusions}{}% 21
\BOOKMARK [2][-]{subsection.5.1}{Analyzing the whole dataset}{section.5}% 22
\BOOKMARK [1][-]{subsection.5.1}{Acronyms}{}% 23
\BOOKMARK [1][-]{section*.10}{List of Tables}{}% 24
\BOOKMARK [1][-]{section*.11}{List of Figures}{}% 25
\BOOKMARK [1][-]{section*.12}{References}{}% 26
\BOOKMARK [1][-]{appendix.A}{Appendix}{}% 27
\BOOKMARK [2][-]{subsection.A.1}{Processed output data}{appendix.A}% 28
\BOOKMARK [3][-]{subsubsection.A.1.1}{Most common nouns per genre}{subsection.A.1}% 29
\BOOKMARK [3][-]{subsubsection.A.1.2}{Most common words per genre}{subsection.A.1}% 30
\BOOKMARK [3][-]{subsubsection.A.1.3}{Artists with the highest familiarity score}{subsection.A.1}% 31
\BOOKMARK [3][-]{subsubsection.A.1.4}{Artist's familiarity heatmap}{subsection.A.1}% 32
\BOOKMARK [3][-]{subsubsection.A.1.5}{Artists with the highest song hotttnesss score}{subsection.A.1}% 33
\BOOKMARK [3][-]{subsubsection.A.1.6}{Artist's song hotttnesss heatmap}{subsection.A.1}% 34
\BOOKMARK [2][-]{subsection.A.2}{Source code and raw data}{appendix.A}% 35
